<?xml version="1.0" encoding="UTF-8"?>
<testng-results ignored="0" total="1" passed="1" failed="0" skipped="0">
  <reporter-output>
  </reporter-output>
  <suite started-at="2021-07-29T00:02:49 AEST" name="Suite" finished-at="2021-07-29T00:03:08 AEST" duration-ms="19588">
    <groups>
    </groups>
    <test started-at="2021-07-29T00:02:49 AEST" name="Test" finished-at="2021-07-29T00:03:08 AEST" duration-ms="19588">
      <class name="Selenium_Test">
        <test-method is-config="true" signature="setUp()[pri:0, instance:Selenium_Test@4a83a74a]" started-at="2021-07-29T00:02:49 AEST" name="setUp" finished-at="2021-07-29T00:02:58 AEST" duration-ms="9275" status="PASS">
          <reporter-output>
          </reporter-output>
        </test-method> <!-- setUp -->
        <test-method signature="Test1()[pri:0, instance:Selenium_Test@4a83a74a]" started-at="2021-07-29T00:02:58 AEST" name="Test1" finished-at="2021-07-29T00:03:08 AEST" duration-ms="10238" status="PASS">
          <reporter-output>
          </reporter-output>
        </test-method> <!-- Test1 -->
      </class> <!-- Selenium_Test -->
    </test> <!-- Test -->
  </suite> <!-- Suite -->
</testng-results>
